# JRE version: Java(TM) SE Runtime Environment (18.0+36) (build 18+36-2087)
# Java VM: Java HotSpot(TM) 64-Bit Server VM (18+36-2087, mixed mode, sharing, tiered, compressed oops, compressed class ptrs, g1 gc, windows-amd64)
GC Precious Log:
 CardTable entry size: 512
 Card Set container configuration: InlinePtr #cards 4 size 8 Array Of Cards #cards 16 size 48 Howl #buckets 8 coarsen threshold 3686 Howl Bitmap #cards 512 size 80 coarsen threshold 460 Card regions per heap region 1 cards per card region 4096
 CPUs: 12 total, 12 available
 Memory: 16336M
 Large Page Support: Disabled
 NUMA Support: Disabled
 Compressed Oops: Enabled (Zero based)
 Heap Region Size: 2M
 Heap Min Capacity: 8M
 Heap Initial Capacity: 256M
 Heap Max Capacity: 4086M
 Pre-touch: Disabled
 Parallel Workers: 10
 Concurrent Workers: 3
 Concurrent Refinement Workers: 10
 Periodic GC: Disabled
Heap:
 garbage-first heap   total 491520K, used 401648K [0x0000000700a00000, 0x0000000800000000)
  region size 2048K, 2 young (4096K), 1 survivors (2048K)
 Metaspace       used 25728K, committed 26176K, reserved 1114112K
  class space    used 3304K, committed 3520K, reserved 1048576K
GC Heap History (20 events):
Event: 2.120 GC heap before
{Heap before GC invocations=2 (full 0):
 garbage-first heap   total 262144K, used 136032K [0x0000000700a00000, 0x0000000800000000)
  region size 2048K, 6 young (12288K), 3 survivors (6144K)
 Metaspace       used 13346K, committed 13696K, reserved 1114112K
  class space    used 1767K, committed 1920K, reserved 1048576K
}
Event: 2.123 GC heap after
{Heap after GC invocations=3 (full 0):
 garbage-first heap   total 262144K, used 136032K [0x0000000700a00000, 0x0000000800000000)
  region size 2048K, 4 young (8192K), 4 survivors (8192K)
 Metaspace       used 13346K, committed 13696K, reserved 1114112K
  class space    used 1767K, committed 1920K, reserved 1048576K
}
Event: 2.816 GC heap before
{Heap before GC invocations=4 (full 0):
 garbage-first heap   total 262144K, used 142176K [0x0000000700a00000, 0x0000000800000000)
  region size 2048K, 7 young (14336K), 4 survivors (8192K)
 Metaspace       used 14339K, committed 14656K, reserved 1114112K
  class space    used 1944K, committed 2112K, reserved 1048576K
}
Event: 2.819 GC heap after
{Heap after GC invocations=5 (full 0):
 garbage-first heap   total 262144K, used 139216K [0x0000000700a00000, 0x0000000800000000)
  region size 2048K, 2 young (4096K), 2 survivors (4096K)
 Metaspace       used 14339K, committed 14656K, reserved 1114112K
  class space    used 1944K, committed 2112K, reserved 1048576K
}
Event: 2.866 GC heap before
{Heap before GC invocations=6 (full 0):
 garbage-first heap   total 262144K, used 149456K [0x0000000700a00000, 0x0000000800000000)
  region size 2048K, 3 young (6144K), 2 survivors (4096K)
 Metaspace       used 14339K, committed 14656K, reserved 1114112K
  class space    used 1944K, committed 2112K, reserved 1048576K
}
Event: 2.866 GC heap after
{Heap after GC invocations=7 (full 0):
 garbage-first heap   total 262144K, used 148725K [0x0000000700a00000, 0x0000000800000000)
  region size 2048K, 2 young (4096K), 2 survivors (4096K)
 Metaspace       used 14339K, committed 14656K, reserved 1114112K
  class space    used 1944K, committed 2112K, reserved 1048576K
}
Event: 10.568 GC heap before
{Heap before GC invocations=8 (full 0):
 garbage-first heap   total 296960K, used 294133K [0x0000000700a00000, 0x0000000800000000)
  region size 2048K, 32 young (65536K), 2 survivors (4096K)
 Metaspace       used 23630K, committed 23936K, reserved 1114112K
  class space    used 3206K, committed 3328K, reserved 1048576K
}
Event: 10.575 GC heap after
{Heap after GC invocations=9 (full 0):
 garbage-first heap   total 309248K, used 242915K [0x0000000700a00000, 0x0000000800000000)
  region size 2048K, 4 young (8192K), 4 survivors (8192K)
 Metaspace       used 23630K, committed 23936K, reserved 1114112K
  class space    used 3206K, committed 3328K, reserved 1048576K
}
Event: 10.623 GC heap before
{Heap before GC invocations=9 (full 0):
 garbage-first heap   total 309248K, used 249059K [0x0000000700a00000, 0x0000000800000000)
  region size 2048K, 7 young (14336K), 4 survivors (8192K)
 Metaspace       used 23709K, committed 24000K, reserved 1114112K
  class space    used 3206K, committed 3328K, reserved 1048576K
}
Event: 10.630 GC heap after
{Heap after GC invocations=10 (full 0):
 garbage-first heap   total 309248K, used 244356K [0x0000000700a00000, 0x0000000800000000)
  region size 2048K, 1 young (2048K), 1 survivors (2048K)
 Metaspace       used 23709K, committed 24000K, reserved 1114112K
  class space    used 3206K, committed 3328K, reserved 1048576K
}
Event: 20.880 GC heap before
{Heap before GC invocations=10 (full 0):
 garbage-first heap   total 309248K, used 254596K [0x0000000700a00000, 0x0000000800000000)
  region size 2048K, 7 young (14336K), 1 survivors (2048K)
 Metaspace       used 23984K, committed 24320K, reserved 1114112K
  class space    used 3222K, committed 3392K, reserved 1048576K
}
Event: 20.882 GC heap after
{Heap after GC invocations=11 (full 0):
 garbage-first heap   total 309248K, used 247573K [0x0000000700a00000, 0x0000000800000000)
  region size 2048K, 2 young (4096K), 2 survivors (4096K)
 Metaspace       used 23984K, committed 24320K, reserved 1114112K
  class space    used 3222K, committed 3392K, reserved 1048576K
}
Event: 20.937 GC heap before
{Heap before GC invocations=12 (full 0):
 garbage-first heap   total 434176K, used 261909K [0x0000000700a00000, 0x0000000800000000)
  region size 2048K, 5 young (10240K), 2 survivors (4096K)
 Metaspace       used 24011K, committed 24320K, reserved 1114112K
  class space    used 3222K, committed 3392K, reserved 1048576K
}
Event: 20.938 GC heap after
{Heap after GC invocations=13 (full 0):
 garbage-first heap   total 434176K, used 258398K [0x0000000700a00000, 0x0000000800000000)
  region size 2048K, 1 young (2048K), 1 survivors (2048K)
 Metaspace       used 24011K, committed 24320K, reserved 1114112K
  class space    used 3222K, committed 3392K, reserved 1048576K
}
Event: 40.340 GC heap before
{Heap before GC invocations=14 (full 0):
 garbage-first heap   total 475136K, used 471390K [0x0000000700a00000, 0x0000000800000000)
  region size 2048K, 40 young (81920K), 1 survivors (2048K)
 Metaspace       used 25202K, committed 25536K, reserved 1114112K
  class space    used 3295K, committed 3456K, reserved 1048576K
}
Event: 40.346 GC heap after
{Heap after GC invocations=15 (full 0):
 garbage-first heap   total 491520K, used 408991K [0x0000000700a00000, 0x0000000800000000)
  region size 2048K, 5 young (10240K), 5 survivors (10240K)
 Metaspace       used 25202K, committed 25536K, reserved 1114112K
  class space    used 3295K, committed 3456K, reserved 1048576K
}
Event: 45.582 GC heap before
{Heap before GC invocations=15 (full 0):
 garbage-first heap   total 491520K, used 433567K [0x0000000700a00000, 0x0000000800000000)
  region size 2048K, 12 young (24576K), 5 survivors (10240K)
 Metaspace       used 25317K, committed 25792K, reserved 1114112K
  class space    used 3301K, committed 3520K, reserved 1048576K
}
Event: 45.586 GC heap after
{Heap after GC invocations=16 (full 0):
 garbage-first heap   total 491520K, used 400312K [0x0000000700a00000, 0x0000000800000000)
  region size 2048K, 2 young (4096K), 2 survivors (4096K)
 Metaspace       used 25317K, committed 25792K, reserved 1114112K
  class space    used 3301K, committed 3520K, reserved 1048576K
}
Event: 73.802 GC heap before
{Heap before GC invocations=16 (full 0):
 garbage-first heap   total 491520K, used 424888K [0x0000000700a00000, 0x0000000800000000)
  region size 2048K, 14 young (28672K), 2 survivors (4096K)
 Metaspace       used 25725K, committed 26176K, reserved 1114112K
  class space    used 3304K, committed 3520K, reserved 1048576K
}
Event: 73.804 GC heap after
{Heap after GC invocations=17 (full 0):
 garbage-first heap   total 491520K, used 401648K [0x0000000700a00000, 0x0000000800000000)
  region size 2048K, 1 young (2048K), 1 survivors (2048K)
 Metaspace       used 25725K, committed 26176K, reserved 1114112K
  class space    used 3304K, committed 3520K, reserved 1048576K
}

